2025-09-13 14:48:44: ReferenceError: cat is not defined
2025-09-13 14:48:44:     at Object.<anonymous> (/home/mint/Desktop/slimyai_setup/commands/snail.js:1:1)
2025-09-13 14:48:44:     at Module._compile (node:internal/modules/cjs/loader:1706:14)
2025-09-13 14:48:44:     at Object..js (node:internal/modules/cjs/loader:1839:10)
2025-09-13 14:48:44:     at Module.load (node:internal/modules/cjs/loader:1441:32)
2025-09-13 14:48:44:     at Function._load (node:internal/modules/cjs/loader:1263:12)
2025-09-13 14:48:44:     at TracingChannel.traceSync (node:diagnostics_channel:322:14)
2025-09-13 14:48:44:     at wrapModuleLoad (node:internal/modules/cjs/loader:237:24)
2025-09-13 14:48:44:     at Module.<anonymous> (node:internal/modules/cjs/loader:1463:12)
2025-09-13 14:48:44:     at Hook._require.Module.require (/home/mint/.nvm/versions/node/v22.19.0/lib/node_modules/pm2/node_modules/require-in-the-middle/index.js:101:39)
2025-09-13 14:48:44:     at require (node:internal/modules/helpers:147:16)
2025-09-13 14:48:45: ReferenceError: cat is not defined
2025-09-13 14:48:45:     at Object.<anonymous> (/home/mint/Desktop/slimyai_setup/commands/snail.js:1:1)
2025-09-13 14:48:45:     at Module._compile (node:internal/modules/cjs/loader:1706:14)
2025-09-13 14:48:45:     at Object..js (node:internal/modules/cjs/loader:1839:10)
2025-09-13 14:48:45:     at Module.load (node:internal/modules/cjs/loader:1441:32)
2025-09-13 14:48:45:     at Function._load (node:internal/modules/cjs/loader:1263:12)
2025-09-13 14:48:45:     at TracingChannel.traceSync (node:diagnostics_channel:322:14)
2025-09-13 14:48:45:     at wrapModuleLoad (node:internal/modules/cjs/loader:237:24)
2025-09-13 14:48:45:     at Module.<anonymous> (node:internal/modules/cjs/loader:1463:12)
2025-09-13 14:48:45:     at Hook._require.Module.require (/home/mint/.nvm/versions/node/v22.19.0/lib/node_modules/pm2/node_modules/require-in-the-middle/index.js:101:39)
2025-09-13 14:48:45:     at require (node:internal/modules/helpers:147:16)
2025-09-13 14:48:45: ReferenceError: cat is not defined
2025-09-13 14:48:45:     at Object.<anonymous> (/home/mint/Desktop/slimyai_setup/commands/snail.js:1:1)
2025-09-13 14:48:45:     at Module._compile (node:internal/modules/cjs/loader:1706:14)
2025-09-13 14:48:45:     at Object..js (node:internal/modules/cjs/loader:1839:10)
2025-09-13 14:48:45:     at Module.load (node:internal/modules/cjs/loader:1441:32)
2025-09-13 14:48:45:     at Function._load (node:internal/modules/cjs/loader:1263:12)
2025-09-13 14:48:45:     at TracingChannel.traceSync (node:diagnostics_channel:322:14)
2025-09-13 14:48:45:     at wrapModuleLoad (node:internal/modules/cjs/loader:237:24)
2025-09-13 14:48:45:     at Module.<anonymous> (node:internal/modules/cjs/loader:1463:12)
2025-09-13 14:48:45:     at Hook._require.Module.require (/home/mint/.nvm/versions/node/v22.19.0/lib/node_modules/pm2/node_modules/require-in-the-middle/index.js:101:39)
2025-09-13 14:48:45:     at require (node:internal/modules/helpers:147:16)
2025-09-13 14:48:45: ReferenceError: cat is not defined
2025-09-13 14:48:45:     at Object.<anonymous> (/home/mint/Desktop/slimyai_setup/commands/snail.js:1:1)
2025-09-13 14:48:45:     at Module._compile (node:internal/modules/cjs/loader:1706:14)
2025-09-13 14:48:45:     at Object..js (node:internal/modules/cjs/loader:1839:10)
2025-09-13 14:48:45:     at Module.load (node:internal/modules/cjs/loader:1441:32)
2025-09-13 14:48:45:     at Function._load (node:internal/modules/cjs/loader:1263:12)
2025-09-13 14:48:45:     at TracingChannel.traceSync (node:diagnostics_channel:322:14)
2025-09-13 14:48:45:     at wrapModuleLoad (node:internal/modules/cjs/loader:237:24)
2025-09-13 14:48:45:     at Module.<anonymous> (node:internal/modules/cjs/loader:1463:12)
2025-09-13 14:48:45:     at Hook._require.Module.require (/home/mint/.nvm/versions/node/v22.19.0/lib/node_modules/pm2/node_modules/require-in-the-middle/index.js:101:39)
2025-09-13 14:48:45:     at require (node:internal/modules/helpers:147:16)
2025-09-13 14:48:46: ReferenceError: cat is not defined
2025-09-13 14:48:46:     at Object.<anonymous> (/home/mint/Desktop/slimyai_setup/commands/snail.js:1:1)
2025-09-13 14:48:46:     at Module._compile (node:internal/modules/cjs/loader:1706:14)
2025-09-13 14:48:46:     at Object..js (node:internal/modules/cjs/loader:1839:10)
2025-09-13 14:48:46:     at Module.load (node:internal/modules/cjs/loader:1441:32)
2025-09-13 14:48:46:     at Function._load (node:internal/modules/cjs/loader:1263:12)
2025-09-13 14:48:46:     at TracingChannel.traceSync (node:diagnostics_channel:322:14)
2025-09-13 14:48:46:     at wrapModuleLoad (node:internal/modules/cjs/loader:237:24)
2025-09-13 14:48:46:     at Module.<anonymous> (node:internal/modules/cjs/loader:1463:12)
2025-09-13 14:48:46:     at Hook._require.Module.require (/home/mint/.nvm/versions/node/v22.19.0/lib/node_modules/pm2/node_modules/require-in-the-middle/index.js:101:39)
2025-09-13 14:48:46:     at require (node:internal/modules/helpers:147:16)
2025-09-13 14:48:46: ReferenceError: cat is not defined
2025-09-13 14:48:46:     at Object.<anonymous> (/home/mint/Desktop/slimyai_setup/commands/snail.js:1:1)
2025-09-13 14:48:46:     at Module._compile (node:internal/modules/cjs/loader:1706:14)
2025-09-13 14:48:46:     at Object..js (node:internal/modules/cjs/loader:1839:10)
2025-09-13 14:48:46:     at Module.load (node:internal/modules/cjs/loader:1441:32)
2025-09-13 14:48:46:     at Function._load (node:internal/modules/cjs/loader:1263:12)
2025-09-13 14:48:46:     at TracingChannel.traceSync (node:diagnostics_channel:322:14)
2025-09-13 14:48:46:     at wrapModuleLoad (node:internal/modules/cjs/loader:237:24)
2025-09-13 14:48:46:     at Module.<anonymous> (node:internal/modules/cjs/loader:1463:12)
2025-09-13 14:48:46:     at Hook._require.Module.require (/home/mint/.nvm/versions/node/v22.19.0/lib/node_modules/pm2/node_modules/require-in-the-middle/index.js:101:39)
2025-09-13 14:48:46:     at require (node:internal/modules/helpers:147:16)
2025-09-13 14:48:46: ReferenceError: cat is not defined
2025-09-13 14:48:46:     at Object.<anonymous> (/home/mint/Desktop/slimyai_setup/commands/snail.js:1:1)
2025-09-13 14:48:46:     at Module._compile (node:internal/modules/cjs/loader:1706:14)
2025-09-13 14:48:46:     at Object..js (node:internal/modules/cjs/loader:1839:10)
2025-09-13 14:48:46:     at Module.load (node:internal/modules/cjs/loader:1441:32)
2025-09-13 14:48:46:     at Function._load (node:internal/modules/cjs/loader:1263:12)
2025-09-13 14:48:46:     at TracingChannel.traceSync (node:diagnostics_channel:322:14)
2025-09-13 14:48:46:     at wrapModuleLoad (node:internal/modules/cjs/loader:237:24)
2025-09-13 14:48:46:     at Module.<anonymous> (node:internal/modules/cjs/loader:1463:12)
2025-09-13 14:48:46:     at Hook._require.Module.require (/home/mint/.nvm/versions/node/v22.19.0/lib/node_modules/pm2/node_modules/require-in-the-middle/index.js:101:39)
2025-09-13 14:48:46:     at require (node:internal/modules/helpers:147:16)
2025-09-13 14:48:46: ReferenceError: cat is not defined
2025-09-13 14:48:46:     at Object.<anonymous> (/home/mint/Desktop/slimyai_setup/commands/snail.js:1:1)
2025-09-13 14:48:46:     at Module._compile (node:internal/modules/cjs/loader:1706:14)
2025-09-13 14:48:46:     at Object..js (node:internal/modules/cjs/loader:1839:10)
2025-09-13 14:48:46:     at Module.load (node:internal/modules/cjs/loader:1441:32)
2025-09-13 14:48:46:     at Function._load (node:internal/modules/cjs/loader:1263:12)
2025-09-13 14:48:46:     at TracingChannel.traceSync (node:diagnostics_channel:322:14)
2025-09-13 14:48:46:     at wrapModuleLoad (node:internal/modules/cjs/loader:237:24)
2025-09-13 14:48:46:     at Module.<anonymous> (node:internal/modules/cjs/loader:1463:12)
2025-09-13 14:48:46:     at Hook._require.Module.require (/home/mint/.nvm/versions/node/v22.19.0/lib/node_modules/pm2/node_modules/require-in-the-middle/index.js:101:39)
2025-09-13 14:48:46:     at require (node:internal/modules/helpers:147:16)
2025-09-13 14:48:47: ReferenceError: cat is not defined
2025-09-13 14:48:47:     at Object.<anonymous> (/home/mint/Desktop/slimyai_setup/commands/snail.js:1:1)
2025-09-13 14:48:47:     at Module._compile (node:internal/modules/cjs/loader:1706:14)
2025-09-13 14:48:47:     at Object..js (node:internal/modules/cjs/loader:1839:10)
2025-09-13 14:48:47:     at Module.load (node:internal/modules/cjs/loader:1441:32)
2025-09-13 14:48:47:     at Function._load (node:internal/modules/cjs/loader:1263:12)
2025-09-13 14:48:47:     at TracingChannel.traceSync (node:diagnostics_channel:322:14)
2025-09-13 14:48:47:     at wrapModuleLoad (node:internal/modules/cjs/loader:237:24)
2025-09-13 14:48:47:     at Module.<anonymous> (node:internal/modules/cjs/loader:1463:12)
2025-09-13 14:48:47:     at Hook._require.Module.require (/home/mint/.nvm/versions/node/v22.19.0/lib/node_modules/pm2/node_modules/require-in-the-middle/index.js:101:39)
2025-09-13 14:48:47:     at require (node:internal/modules/helpers:147:16)
2025-09-13 14:48:47: ReferenceError: cat is not defined
2025-09-13 14:48:47:     at Object.<anonymous> (/home/mint/Desktop/slimyai_setup/commands/snail.js:1:1)
2025-09-13 14:48:47:     at Module._compile (node:internal/modules/cjs/loader:1706:14)
2025-09-13 14:48:47:     at Object..js (node:internal/modules/cjs/loader:1839:10)
2025-09-13 14:48:47:     at Module.load (node:internal/modules/cjs/loader:1441:32)
2025-09-13 14:48:47:     at Function._load (node:internal/modules/cjs/loader:1263:12)
2025-09-13 14:48:47:     at TracingChannel.traceSync (node:diagnostics_channel:322:14)
2025-09-13 14:48:47:     at wrapModuleLoad (node:internal/modules/cjs/loader:237:24)
2025-09-13 14:48:47:     at Module.<anonymous> (node:internal/modules/cjs/loader:1463:12)
2025-09-13 14:48:47:     at Hook._require.Module.require (/home/mint/.nvm/versions/node/v22.19.0/lib/node_modules/pm2/node_modules/require-in-the-middle/index.js:101:39)
2025-09-13 14:48:47:     at require (node:internal/modules/helpers:147:16)
